<?xml version="1.0" encoding="UTF-8"?>
<!-- Generated by org.testng.reporters.JUnitReportReporter -->
<testsuite hostname="DESKTOP-J3AF86B" failures="0" tests="1" name="appmodule_test.cims.OfficeVisitdetailTest" time="59.039" errors="0" timestamp="2023-04-04T10:29:34 IST" skipped="0">
  <testcase classname="appmodule_test.cims.OfficeVisitdetailTest" name="Officevisit" time="59.039"/>
  <system-out/>
</testsuite> <!-- appmodule_test.cims.OfficeVisitdetailTest -->
